<?xml version="1.0" encoding="UTF-8"?>
<coverage generated="1658204611039" clover="3.2.0">
  <project timestamp="1658204611039" name="All files">
    <metrics statements="123" coveredstatements="72" conditionals="60" coveredconditionals="27" methods="12" coveredmethods="8" elements="195" coveredelements="107" complexity="0" loc="123" ncloc="123" packages="1" files="1" classes="1"/>
    <file name="utils.js" path="/Users/ivan/Documents/Code/Connect Four Proyect/ConnectFour V1.1/utils.js">
      <metrics statements="123" coveredstatements="72" conditionals="60" coveredconditionals="27" methods="12" coveredmethods="8"/>
      <line num="1" count="1" type="stmt"/>
      <line num="7" count="1" type="stmt"/>
      <line num="11" count="1" type="stmt"/>
      <line num="12" count="1" type="stmt"/>
      <line num="16" count="0" type="stmt"/>
      <line num="17" count="0" type="stmt"/>
      <line num="18" count="0" type="stmt"/>
      <line num="19" count="0" type="cond" truecount="0" falsecount="4"/>
      <line num="20" count="0" type="stmt"/>
      <line num="21" count="0" type="cond" truecount="0" falsecount="2"/>
      <line num="22" count="0" type="stmt"/>
      <line num="23" count="0" type="stmt"/>
      <line num="24" count="0" type="stmt"/>
      <line num="25" count="0" type="stmt"/>
      <line num="27" count="0" type="cond" truecount="0" falsecount="4"/>
      <line num="28" count="0" type="cond" truecount="0" falsecount="2"/>
      <line num="29" count="0" type="stmt"/>
      <line num="30" count="0" type="stmt"/>
      <line num="32" count="0" type="stmt"/>
      <line num="33" count="0" type="stmt"/>
      <line num="38" count="0" type="stmt"/>
      <line num="41" count="0" type="stmt"/>
      <line num="42" count="0" type="stmt"/>
      <line num="43" count="0" type="stmt"/>
      <line num="44" count="0" type="stmt"/>
      <line num="49" count="1" type="cond" truecount="3" falsecount="1"/>
      <line num="50" count="1" type="stmt"/>
      <line num="51" count="1" type="stmt"/>
      <line num="52" count="1" type="stmt"/>
      <line num="53" count="1" type="stmt"/>
      <line num="55" count="0" type="cond" truecount="0" falsecount="4"/>
      <line num="56" count="0" type="stmt"/>
      <line num="57" count="0" type="cond" truecount="0" falsecount="2"/>
      <line num="58" count="0" type="stmt"/>
      <line num="65" count="6" type="stmt"/>
      <line num="66" count="1" type="stmt"/>
      <line num="70" count="0" type="stmt"/>
      <line num="71" count="0" type="stmt"/>
      <line num="72" count="0" type="stmt"/>
      <line num="73" count="0" type="stmt"/>
      <line num="78" count="5" type="stmt"/>
      <line num="79" count="5" type="stmt"/>
      <line num="80" count="30" type="stmt"/>
      <line num="81" count="30" type="stmt"/>
      <line num="82" count="206" type="cond" truecount="2" falsecount="0"/>
      <line num="83" count="14" type="stmt"/>
      <line num="85" count="192" type="stmt"/>
      <line num="87" count="206" type="cond" truecount="2" falsecount="0"/>
      <line num="88" count="2" type="stmt"/>
      <line num="89" count="2" type="stmt"/>
      <line num="96" count="5" type="stmt"/>
      <line num="97" count="5" type="stmt"/>
      <line num="98" count="35" type="stmt"/>
      <line num="99" count="35" type="stmt"/>
      <line num="100" count="208" type="cond" truecount="2" falsecount="0"/>
      <line num="101" count="14" type="stmt"/>
      <line num="103" count="194" type="stmt"/>
      <line num="105" count="208" type="cond" truecount="2" falsecount="0"/>
      <line num="106" count="2" type="stmt"/>
      <line num="107" count="2" type="stmt"/>
      <line num="114" count="7" type="stmt"/>
      <line num="115" count="21" type="stmt"/>
      <line num="116" count="21" type="stmt"/>
      <line num="117" count="105" type="cond" truecount="2" falsecount="0"/>
      <line num="118" count="17" type="stmt"/>
      <line num="120" count="88" type="stmt"/>
      <line num="122" count="105" type="cond" truecount="2" falsecount="0"/>
      <line num="123" count="2" type="stmt"/>
      <line num="124" count="2" type="stmt"/>
      <line num="128" count="7" type="stmt"/>
      <line num="129" count="21" type="stmt"/>
      <line num="130" count="21" type="stmt"/>
      <line num="131" count="105" type="cond" truecount="2" falsecount="0"/>
      <line num="132" count="5" type="stmt"/>
      <line num="134" count="100" type="stmt"/>
      <line num="136" count="105" type="cond" truecount="2" falsecount="0"/>
      <line num="137" count="1" type="stmt"/>
      <line num="138" count="1" type="stmt"/>
      <line num="145" count="7" type="stmt"/>
      <line num="146" count="21" type="stmt"/>
      <line num="147" count="21" type="stmt"/>
      <line num="148" count="105" type="cond" truecount="2" falsecount="0"/>
      <line num="149" count="5" type="stmt"/>
      <line num="151" count="100" type="stmt"/>
      <line num="153" count="105" type="cond" truecount="2" falsecount="0"/>
      <line num="154" count="1" type="stmt"/>
      <line num="155" count="1" type="stmt"/>
      <line num="159" count="7" type="stmt"/>
      <line num="160" count="21" type="stmt"/>
      <line num="161" count="21" type="stmt"/>
      <line num="162" count="104" type="cond" truecount="2" falsecount="0"/>
      <line num="163" count="20" type="stmt"/>
      <line num="165" count="84" type="stmt"/>
      <line num="167" count="104" type="cond" truecount="2" falsecount="0"/>
      <line num="168" count="2" type="stmt"/>
      <line num="169" count="2" type="stmt"/>
      <line num="176" count="0" type="stmt"/>
      <line num="177" count="0" type="cond" truecount="0" falsecount="2"/>
      <line num="178" count="0" type="stmt"/>
      <line num="179" count="0" type="cond" truecount="0" falsecount="2"/>
      <line num="180" count="0" type="stmt"/>
      <line num="181" count="0" type="cond" truecount="0" falsecount="2"/>
      <line num="182" count="0" type="stmt"/>
      <line num="190" count="10" type="stmt"/>
      <line num="191" count="10" type="stmt"/>
      <line num="192" count="10" type="stmt"/>
      <line num="203" count="10" type="stmt"/>
      <line num="208" count="0" type="stmt"/>
      <line num="209" count="0" type="stmt"/>
      <line num="210" count="0" type="stmt"/>
      <line num="211" count="0" type="stmt"/>
      <line num="212" count="0" type="cond" truecount="0" falsecount="4"/>
      <line num="213" count="0" type="stmt"/>
      <line num="214" count="0" type="stmt"/>
      <line num="215" count="0" type="stmt"/>
      <line num="216" count="0" type="stmt"/>
      <line num="217" count="0" type="cond" truecount="0" falsecount="4"/>
      <line num="218" count="0" type="stmt"/>
      <line num="219" count="0" type="stmt"/>
      <line num="220" count="0" type="stmt"/>
      <line num="221" count="0" type="stmt"/>
      <line num="223" count="0" type="stmt"/>
      <line num="231" count="1" type="stmt"/>
    </file>
  </project>
</coverage>
