{"/Users/ivan/Documents/Code/Connect Four Proyect/ConnectFour V1.1/utils.js": {"path":"/Users/ivan/Documents/Code/Connect Four Proyect/ConnectFour V1.1/utils.js","statementMap":{"0":{"start":{"line":1,"column":15},"end":{"line":1,"column":52}},"1":{"start":{"line":7,"column":16},"end":{"line":10,"column":1}},"2":{"start":{"line":11,"column":11},"end":{"line":11,"column":12}},"3":{"start":{"line":12,"column":18},"end":{"line":12,"column":32}},"4":{"start":{"line":16,"column":18},"end":{"line":16,"column":65}},"5":{"start":{"line":16,"column":48},"end":{"line":16,"column":64}},"6":{"start":{"line":17,"column":4},"end":{"line":17,"column":17}},"7":{"start":{"line":21,"column":18},"end":{"line":21,"column":40}},"8":{"start":{"line":22,"column":4},"end":{"line":22,"column":20}},"9":{"start":{"line":23,"column":4},"end":{"line":23,"column":25}},"10":{"start":{"line":24,"column":4},"end":{"line":24,"column":42}},"11":{"start":{"line":29,"column":23},"end":{"line":29,"column":27}},"12":{"start":{"line":30,"column":4},"end":{"line":53,"column":5}},"13":{"start":{"line":31,"column":20},"end":{"line":31,"column":80}},"14":{"start":{"line":32,"column":8},"end":{"line":52,"column":9}},"15":{"start":{"line":33,"column":12},"end":{"line":49,"column":13}},"16":{"start":{"line":33,"column":25},"end":{"line":33,"column":41}},"17":{"start":{"line":34,"column":16},"end":{"line":39,"column":17}},"18":{"start":{"line":35,"column":20},"end":{"line":35,"column":43}},"19":{"start":{"line":36,"column":20},"end":{"line":36,"column":30}},"20":{"start":{"line":37,"column":20},"end":{"line":37,"column":41}},"21":{"start":{"line":38,"column":20},"end":{"line":38,"column":26}},"22":{"start":{"line":40,"column":16},"end":{"line":48,"column":17}},"23":{"start":{"line":41,"column":20},"end":{"line":47,"column":21}},"24":{"start":{"line":42,"column":24},"end":{"line":42,"column":58}},"25":{"start":{"line":43,"column":24},"end":{"line":43,"column":30}},"26":{"start":{"line":45,"column":24},"end":{"line":45,"column":119}},"27":{"start":{"line":46,"column":24},"end":{"line":46,"column":30}},"28":{"start":{"line":51,"column":12},"end":{"line":51,"column":95}},"29":{"start":{"line":54,"column":4},"end":{"line":54,"column":20}},"30":{"start":{"line":55,"column":4},"end":{"line":55,"column":25}},"31":{"start":{"line":56,"column":4},"end":{"line":56,"column":31}},"32":{"start":{"line":57,"column":4},"end":{"line":57,"column":20}},"33":{"start":{"line":62,"column":4},"end":{"line":73,"column":5}},"34":{"start":{"line":63,"column":8},"end":{"line":63,"column":38}},"35":{"start":{"line":64,"column":8},"end":{"line":64,"column":63}},"36":{"start":{"line":65,"column":8},"end":{"line":65,"column":63}},"37":{"start":{"line":66,"column":8},"end":{"line":66,"column":28}},"38":{"start":{"line":68,"column":8},"end":{"line":72,"column":9}},"39":{"start":{"line":69,"column":12},"end":{"line":69,"column":50}},"40":{"start":{"line":70,"column":15},"end":{"line":72,"column":9}},"41":{"start":{"line":71,"column":12},"end":{"line":71,"column":50}},"42":{"start":{"line":78,"column":16},"end":{"line":78,"column":17}},"43":{"start":{"line":79,"column":4},"end":{"line":92,"column":5}},"44":{"start":{"line":79,"column":17},"end":{"line":79,"column":18}},"45":{"start":{"line":80,"column":8},"end":{"line":80,"column":17}},"46":{"start":{"line":81,"column":8},"end":{"line":91,"column":9}},"47":{"start":{"line":81,"column":21},"end":{"line":81,"column":22}},"48":{"start":{"line":82,"column":12},"end":{"line":86,"column":13}},"49":{"start":{"line":83,"column":16},"end":{"line":83,"column":27}},"50":{"start":{"line":85,"column":16},"end":{"line":85,"column":26}},"51":{"start":{"line":87,"column":12},"end":{"line":90,"column":13}},"52":{"start":{"line":88,"column":16},"end":{"line":88,"column":31}},"53":{"start":{"line":89,"column":16},"end":{"line":89,"column":22}},"54":{"start":{"line":96,"column":16},"end":{"line":96,"column":17}},"55":{"start":{"line":97,"column":4},"end":{"line":110,"column":5}},"56":{"start":{"line":97,"column":17},"end":{"line":97,"column":18}},"57":{"start":{"line":98,"column":8},"end":{"line":98,"column":17}},"58":{"start":{"line":99,"column":8},"end":{"line":109,"column":9}},"59":{"start":{"line":99,"column":21},"end":{"line":99,"column":22}},"60":{"start":{"line":100,"column":12},"end":{"line":104,"column":13}},"61":{"start":{"line":101,"column":16},"end":{"line":101,"column":27}},"62":{"start":{"line":103,"column":16},"end":{"line":103,"column":26}},"63":{"start":{"line":105,"column":12},"end":{"line":108,"column":13}},"64":{"start":{"line":106,"column":16},"end":{"line":106,"column":31}},"65":{"start":{"line":107,"column":16},"end":{"line":107,"column":22}},"66":{"start":{"line":114,"column":4},"end":{"line":127,"column":5}},"67":{"start":{"line":114,"column":17},"end":{"line":114,"column":18}},"68":{"start":{"line":115,"column":20},"end":{"line":115,"column":21}},"69":{"start":{"line":116,"column":8},"end":{"line":126,"column":9}},"70":{"start":{"line":116,"column":21},"end":{"line":116,"column":22}},"71":{"start":{"line":116,"column":28},"end":{"line":116,"column":29}},"72":{"start":{"line":117,"column":12},"end":{"line":121,"column":13}},"73":{"start":{"line":118,"column":16},"end":{"line":118,"column":27}},"74":{"start":{"line":120,"column":16},"end":{"line":120,"column":26}},"75":{"start":{"line":122,"column":12},"end":{"line":125,"column":13}},"76":{"start":{"line":123,"column":16},"end":{"line":123,"column":31}},"77":{"start":{"line":124,"column":16},"end":{"line":124,"column":22}},"78":{"start":{"line":128,"column":4},"end":{"line":141,"column":5}},"79":{"start":{"line":128,"column":17},"end":{"line":128,"column":18}},"80":{"start":{"line":129,"column":20},"end":{"line":129,"column":21}},"81":{"start":{"line":130,"column":8},"end":{"line":140,"column":9}},"82":{"start":{"line":130,"column":21},"end":{"line":130,"column":22}},"83":{"start":{"line":130,"column":28},"end":{"line":130,"column":29}},"84":{"start":{"line":131,"column":12},"end":{"line":135,"column":13}},"85":{"start":{"line":132,"column":16},"end":{"line":132,"column":27}},"86":{"start":{"line":134,"column":16},"end":{"line":134,"column":26}},"87":{"start":{"line":136,"column":12},"end":{"line":139,"column":13}},"88":{"start":{"line":137,"column":16},"end":{"line":137,"column":31}},"89":{"start":{"line":138,"column":16},"end":{"line":138,"column":22}},"90":{"start":{"line":145,"column":4},"end":{"line":158,"column":5}},"91":{"start":{"line":145,"column":17},"end":{"line":145,"column":18}},"92":{"start":{"line":146,"column":19},"end":{"line":146,"column":20}},"93":{"start":{"line":147,"column":8},"end":{"line":157,"column":9}},"94":{"start":{"line":147,"column":21},"end":{"line":147,"column":22}},"95":{"start":{"line":147,"column":28},"end":{"line":147,"column":29}},"96":{"start":{"line":148,"column":12},"end":{"line":152,"column":13}},"97":{"start":{"line":149,"column":16},"end":{"line":149,"column":27}},"98":{"start":{"line":151,"column":16},"end":{"line":151,"column":26}},"99":{"start":{"line":153,"column":12},"end":{"line":156,"column":13}},"100":{"start":{"line":154,"column":16},"end":{"line":154,"column":31}},"101":{"start":{"line":155,"column":16},"end":{"line":155,"column":22}},"102":{"start":{"line":159,"column":4},"end":{"line":172,"column":5}},"103":{"start":{"line":159,"column":17},"end":{"line":159,"column":18}},"104":{"start":{"line":160,"column":20},"end":{"line":160,"column":21}},"105":{"start":{"line":161,"column":8},"end":{"line":171,"column":9}},"106":{"start":{"line":161,"column":21},"end":{"line":161,"column":22}},"107":{"start":{"line":161,"column":28},"end":{"line":161,"column":29}},"108":{"start":{"line":162,"column":12},"end":{"line":166,"column":13}},"109":{"start":{"line":163,"column":16},"end":{"line":163,"column":27}},"110":{"start":{"line":165,"column":16},"end":{"line":165,"column":26}},"111":{"start":{"line":167,"column":12},"end":{"line":170,"column":13}},"112":{"start":{"line":168,"column":16},"end":{"line":168,"column":31}},"113":{"start":{"line":169,"column":16},"end":{"line":169,"column":22}},"114":{"start":{"line":176,"column":4},"end":{"line":176,"column":41}},"115":{"start":{"line":177,"column":5},"end":{"line":185,"column":6}},"116":{"start":{"line":178,"column":9},"end":{"line":178,"column":44}},"117":{"start":{"line":179,"column":9},"end":{"line":184,"column":10}},"118":{"start":{"line":180,"column":13},"end":{"line":180,"column":52}},"119":{"start":{"line":181,"column":13},"end":{"line":183,"column":14}},"120":{"start":{"line":182,"column":17},"end":{"line":182,"column":55}},"121":{"start":{"line":190,"column":4},"end":{"line":190,"column":28}},"122":{"start":{"line":191,"column":4},"end":{"line":191,"column":61}},"123":{"start":{"line":192,"column":4},"end":{"line":202,"column":21}},"124":{"start":{"line":203,"column":4},"end":{"line":203,"column":24}},"125":{"start":{"line":208,"column":24},"end":{"line":208,"column":28}},"126":{"start":{"line":209,"column":4},"end":{"line":225,"column":5}},"127":{"start":{"line":210,"column":21},"end":{"line":210,"column":68}},"128":{"start":{"line":211,"column":8},"end":{"line":211,"column":45}},"129":{"start":{"line":212,"column":8},"end":{"line":224,"column":9}},"130":{"start":{"line":213,"column":12},"end":{"line":213,"column":21}},"131":{"start":{"line":214,"column":12},"end":{"line":214,"column":38}},"132":{"start":{"line":215,"column":12},"end":{"line":215,"column":34}},"133":{"start":{"line":216,"column":12},"end":{"line":216,"column":24}},"134":{"start":{"line":217,"column":15},"end":{"line":224,"column":9}},"135":{"start":{"line":218,"column":12},"end":{"line":218,"column":28}},"136":{"start":{"line":219,"column":12},"end":{"line":219,"column":57}},"137":{"start":{"line":220,"column":12},"end":{"line":220,"column":34}},"138":{"start":{"line":221,"column":12},"end":{"line":221,"column":25}},"139":{"start":{"line":223,"column":12},"end":{"line":223,"column":64}},"140":{"start":{"line":231,"column":0},"end":{"line":231,"column":187}}},"fnMap":{"0":{"name":"createEmptyBoard","decl":{"start":{"line":15,"column":9},"end":{"line":15,"column":25}},"loc":{"start":{"line":15,"column":32},"end":{"line":18,"column":1}},"line":15},"1":{"name":"(anonymous_1)","decl":{"start":{"line":16,"column":42},"end":{"line":16,"column":43}},"loc":{"start":{"line":16,"column":48},"end":{"line":16,"column":64}},"line":16},"2":{"name":"startGame","decl":{"start":{"line":20,"column":9},"end":{"line":20,"column":18}},"loc":{"start":{"line":20,"column":21},"end":{"line":25,"column":1}},"line":20},"3":{"name":"readyPlayer","decl":{"start":{"line":28,"column":9},"end":{"line":28,"column":20}},"loc":{"start":{"line":28,"column":36},"end":{"line":58,"column":1}},"line":28},"4":{"name":"nextTurn","decl":{"start":{"line":61,"column":9},"end":{"line":61,"column":17}},"loc":{"start":{"line":61,"column":25},"end":{"line":74,"column":1}},"line":61},"5":{"name":"checkWinnerHorizontal","decl":{"start":{"line":77,"column":9},"end":{"line":77,"column":30}},"loc":{"start":{"line":77,"column":46},"end":{"line":93,"column":1}},"line":77},"6":{"name":"checkWinnerVertical","decl":{"start":{"line":95,"column":9},"end":{"line":95,"column":28}},"loc":{"start":{"line":95,"column":44},"end":{"line":111,"column":1}},"line":95},"7":{"name":"checkWinnerDiagonalDesc","decl":{"start":{"line":113,"column":9},"end":{"line":113,"column":32}},"loc":{"start":{"line":113,"column":48},"end":{"line":142,"column":1}},"line":113},"8":{"name":"checkWinnerDiagonalAsc","decl":{"start":{"line":144,"column":9},"end":{"line":144,"column":31}},"loc":{"start":{"line":144,"column":47},"end":{"line":173,"column":1}},"line":144},"9":{"name":"checkWinner","decl":{"start":{"line":175,"column":9},"end":{"line":175,"column":20}},"loc":{"start":{"line":175,"column":36},"end":{"line":186,"column":1}},"line":175},"10":{"name":"winner","decl":{"start":{"line":189,"column":9},"end":{"line":189,"column":15}},"loc":{"start":{"line":189,"column":24},"end":{"line":204,"column":1}},"line":189},"11":{"name":"playAgain","decl":{"start":{"line":207,"column":9},"end":{"line":207,"column":18}},"loc":{"start":{"line":207,"column":21},"end":{"line":226,"column":1}},"line":207}},"branchMap":{"0":{"loc":{"start":{"line":32,"column":8},"end":{"line":52,"column":9}},"type":"if","locations":[{"start":{"line":32,"column":8},"end":{"line":52,"column":9}},{"start":{"line":50,"column":15},"end":{"line":52,"column":9}}],"line":32},"1":{"loc":{"start":{"line":32,"column":12},"end":{"line":32,"column":45}},"type":"binary-expr","locations":[{"start":{"line":32,"column":12},"end":{"line":32,"column":33}},{"start":{"line":32,"column":37},"end":{"line":32,"column":45}}],"line":32},"2":{"loc":{"start":{"line":34,"column":16},"end":{"line":39,"column":17}},"type":"if","locations":[{"start":{"line":34,"column":16},"end":{"line":39,"column":17}},{"start":{},"end":{}}],"line":34},"3":{"loc":{"start":{"line":40,"column":16},"end":{"line":48,"column":17}},"type":"if","locations":[{"start":{"line":40,"column":16},"end":{"line":48,"column":17}},{"start":{},"end":{}}],"line":40},"4":{"loc":{"start":{"line":40,"column":20},"end":{"line":40,"column":67}},"type":"binary-expr","locations":[{"start":{"line":40,"column":20},"end":{"line":40,"column":38}},{"start":{"line":40,"column":42},"end":{"line":40,"column":67}}],"line":40},"5":{"loc":{"start":{"line":41,"column":20},"end":{"line":47,"column":21}},"type":"if","locations":[{"start":{"line":41,"column":20},"end":{"line":47,"column":21}},{"start":{"line":44,"column":27},"end":{"line":47,"column":21}}],"line":41},"6":{"loc":{"start":{"line":62,"column":4},"end":{"line":73,"column":5}},"type":"if","locations":[{"start":{"line":62,"column":4},"end":{"line":73,"column":5}},{"start":{"line":67,"column":11},"end":{"line":73,"column":5}}],"line":62},"7":{"loc":{"start":{"line":62,"column":8},"end":{"line":62,"column":55}},"type":"binary-expr","locations":[{"start":{"line":62,"column":8},"end":{"line":62,"column":33}},{"start":{"line":62,"column":37},"end":{"line":62,"column":55}}],"line":62},"8":{"loc":{"start":{"line":68,"column":8},"end":{"line":72,"column":9}},"type":"if","locations":[{"start":{"line":68,"column":8},"end":{"line":72,"column":9}},{"start":{"line":70,"column":15},"end":{"line":72,"column":9}}],"line":68},"9":{"loc":{"start":{"line":68,"column":12},"end":{"line":68,"column":47}},"type":"binary-expr","locations":[{"start":{"line":68,"column":12},"end":{"line":68,"column":25}},{"start":{"line":68,"column":29},"end":{"line":68,"column":47}}],"line":68},"10":{"loc":{"start":{"line":70,"column":15},"end":{"line":72,"column":9}},"type":"if","locations":[{"start":{"line":70,"column":15},"end":{"line":72,"column":9}},{"start":{},"end":{}}],"line":70},"11":{"loc":{"start":{"line":82,"column":12},"end":{"line":86,"column":13}},"type":"if","locations":[{"start":{"line":82,"column":12},"end":{"line":86,"column":13}},{"start":{"line":84,"column":19},"end":{"line":86,"column":13}}],"line":82},"12":{"loc":{"start":{"line":87,"column":12},"end":{"line":90,"column":13}},"type":"if","locations":[{"start":{"line":87,"column":12},"end":{"line":90,"column":13}},{"start":{},"end":{}}],"line":87},"13":{"loc":{"start":{"line":100,"column":12},"end":{"line":104,"column":13}},"type":"if","locations":[{"start":{"line":100,"column":12},"end":{"line":104,"column":13}},{"start":{"line":102,"column":19},"end":{"line":104,"column":13}}],"line":100},"14":{"loc":{"start":{"line":105,"column":12},"end":{"line":108,"column":13}},"type":"if","locations":[{"start":{"line":105,"column":12},"end":{"line":108,"column":13}},{"start":{},"end":{}}],"line":105},"15":{"loc":{"start":{"line":117,"column":12},"end":{"line":121,"column":13}},"type":"if","locations":[{"start":{"line":117,"column":12},"end":{"line":121,"column":13}},{"start":{"line":119,"column":19},"end":{"line":121,"column":13}}],"line":117},"16":{"loc":{"start":{"line":122,"column":12},"end":{"line":125,"column":13}},"type":"if","locations":[{"start":{"line":122,"column":12},"end":{"line":125,"column":13}},{"start":{},"end":{}}],"line":122},"17":{"loc":{"start":{"line":131,"column":12},"end":{"line":135,"column":13}},"type":"if","locations":[{"start":{"line":131,"column":12},"end":{"line":135,"column":13}},{"start":{"line":133,"column":19},"end":{"line":135,"column":13}}],"line":131},"18":{"loc":{"start":{"line":136,"column":12},"end":{"line":139,"column":13}},"type":"if","locations":[{"start":{"line":136,"column":12},"end":{"line":139,"column":13}},{"start":{},"end":{}}],"line":136},"19":{"loc":{"start":{"line":148,"column":12},"end":{"line":152,"column":13}},"type":"if","locations":[{"start":{"line":148,"column":12},"end":{"line":152,"column":13}},{"start":{"line":150,"column":19},"end":{"line":152,"column":13}}],"line":148},"20":{"loc":{"start":{"line":153,"column":12},"end":{"line":156,"column":13}},"type":"if","locations":[{"start":{"line":153,"column":12},"end":{"line":156,"column":13}},{"start":{},"end":{}}],"line":153},"21":{"loc":{"start":{"line":162,"column":12},"end":{"line":166,"column":13}},"type":"if","locations":[{"start":{"line":162,"column":12},"end":{"line":166,"column":13}},{"start":{"line":164,"column":19},"end":{"line":166,"column":13}}],"line":162},"22":{"loc":{"start":{"line":167,"column":12},"end":{"line":170,"column":13}},"type":"if","locations":[{"start":{"line":167,"column":12},"end":{"line":170,"column":13}},{"start":{},"end":{}}],"line":167},"23":{"loc":{"start":{"line":177,"column":5},"end":{"line":185,"column":6}},"type":"if","locations":[{"start":{"line":177,"column":5},"end":{"line":185,"column":6}},{"start":{},"end":{}}],"line":177},"24":{"loc":{"start":{"line":179,"column":9},"end":{"line":184,"column":10}},"type":"if","locations":[{"start":{"line":179,"column":9},"end":{"line":184,"column":10}},{"start":{},"end":{}}],"line":179},"25":{"loc":{"start":{"line":181,"column":13},"end":{"line":183,"column":14}},"type":"if","locations":[{"start":{"line":181,"column":13},"end":{"line":183,"column":14}},{"start":{},"end":{}}],"line":181},"26":{"loc":{"start":{"line":212,"column":8},"end":{"line":224,"column":9}},"type":"if","locations":[{"start":{"line":212,"column":8},"end":{"line":224,"column":9}},{"start":{"line":217,"column":15},"end":{"line":224,"column":9}}],"line":212},"27":{"loc":{"start":{"line":212,"column":11},"end":{"line":212,"column":45}},"type":"binary-expr","locations":[{"start":{"line":212,"column":11},"end":{"line":212,"column":27}},{"start":{"line":212,"column":31},"end":{"line":212,"column":45}}],"line":212},"28":{"loc":{"start":{"line":217,"column":15},"end":{"line":224,"column":9}},"type":"if","locations":[{"start":{"line":217,"column":15},"end":{"line":224,"column":9}},{"start":{"line":222,"column":15},"end":{"line":224,"column":9}}],"line":217},"29":{"loc":{"start":{"line":217,"column":18},"end":{"line":217,"column":51}},"type":"binary-expr","locations":[{"start":{"line":217,"column":18},"end":{"line":217,"column":33}},{"start":{"line":217,"column":37},"end":{"line":217,"column":51}}],"line":217}},"s":{"0":1,"1":1,"2":1,"3":1,"4":1,"5":6,"6":1,"7":0,"8":0,"9":0,"10":0,"11":0,"12":0,"13":0,"14":0,"15":0,"16":0,"17":0,"18":0,"19":0,"20":0,"21":0,"22":0,"23":0,"24":0,"25":0,"26":0,"27":0,"28":0,"29":0,"30":0,"31":0,"32":0,"33":1,"34":1,"35":1,"36":1,"37":1,"38":0,"39":0,"40":0,"41":0,"42":5,"43":5,"44":5,"45":30,"46":30,"47":30,"48":206,"49":14,"50":192,"51":206,"52":2,"53":2,"54":5,"55":5,"56":5,"57":35,"58":35,"59":35,"60":208,"61":14,"62":194,"63":208,"64":2,"65":2,"66":7,"67":7,"68":21,"69":21,"70":21,"71":21,"72":105,"73":17,"74":88,"75":105,"76":2,"77":2,"78":7,"79":7,"80":21,"81":21,"82":21,"83":21,"84":105,"85":5,"86":100,"87":105,"88":1,"89":1,"90":7,"91":7,"92":21,"93":21,"94":21,"95":21,"96":105,"97":5,"98":100,"99":105,"100":1,"101":1,"102":7,"103":7,"104":21,"105":21,"106":21,"107":21,"108":104,"109":20,"110":84,"111":104,"112":2,"113":2,"114":0,"115":0,"116":0,"117":0,"118":0,"119":0,"120":0,"121":10,"122":10,"123":10,"124":10,"125":0,"126":0,"127":0,"128":0,"129":0,"130":0,"131":0,"132":0,"133":0,"134":0,"135":0,"136":0,"137":0,"138":0,"139":0,"140":1},"f":{"0":1,"1":6,"2":0,"3":0,"4":1,"5":5,"6":5,"7":7,"8":7,"9":0,"10":10,"11":0},"b":{"0":[0,0],"1":[0,0],"2":[0,0],"3":[0,0],"4":[0,0],"5":[0,0],"6":[1,0],"7":[1,1],"8":[0,0],"9":[0,0],"10":[0,0],"11":[14,192],"12":[2,204],"13":[14,194],"14":[2,206],"15":[17,88],"16":[2,103],"17":[5,100],"18":[1,104],"19":[5,100],"20":[1,104],"21":[20,84],"22":[2,102],"23":[0,0],"24":[0,0],"25":[0,0],"26":[0,0],"27":[0,0],"28":[0,0],"29":[0,0]},"_coverageSchema":"1a1c01bbd47fc00a2c39e90264f33305004495a9","hash":"75cabb36123816923c91e280b8b2f72692036b81"}
}
