TN:
SF:utils.js
FN:15,createEmptyBoard
FN:16,(anonymous_1)
FN:20,startGame
FN:28,readyPlayer
FN:61,nextTurn
FN:77,checkWinnerHorizontal
FN:95,checkWinnerVertical
FN:113,checkWinnerDiagonalDesc
FN:144,checkWinnerDiagonalAsc
FN:175,checkWinner
FN:189,winner
FN:207,playAgain
FNF:12
FNH:8
FNDA:1,createEmptyBoard
FNDA:6,(anonymous_1)
FNDA:0,startGame
FNDA:0,readyPlayer
FNDA:1,nextTurn
FNDA:5,checkWinnerHorizontal
FNDA:5,checkWinnerVertical
FNDA:7,checkWinnerDiagonalDesc
FNDA:7,checkWinnerDiagonalAsc
FNDA:0,checkWinner
FNDA:10,winner
FNDA:0,playAgain
DA:1,1
DA:7,1
DA:11,1
DA:12,1
DA:16,6
DA:17,1
DA:21,0
DA:22,0
DA:23,0
DA:24,0
DA:29,0
DA:30,0
DA:31,0
DA:32,0
DA:33,0
DA:34,0
DA:35,0
DA:36,0
DA:37,0
DA:38,0
DA:40,0
DA:41,0
DA:42,0
DA:43,0
DA:45,0
DA:46,0
DA:51,0
DA:54,0
DA:55,0
DA:56,0
DA:57,0
DA:62,1
DA:63,1
DA:64,1
DA:65,1
DA:66,1
DA:68,0
DA:69,0
DA:70,0
DA:71,0
DA:78,5
DA:79,5
DA:80,30
DA:81,30
DA:82,206
DA:83,14
DA:85,192
DA:87,206
DA:88,2
DA:89,2
DA:96,5
DA:97,5
DA:98,35
DA:99,35
DA:100,208
DA:101,14
DA:103,194
DA:105,208
DA:106,2
DA:107,2
DA:114,7
DA:115,21
DA:116,21
DA:117,105
DA:118,17
DA:120,88
DA:122,105
DA:123,2
DA:124,2
DA:128,7
DA:129,21
DA:130,21
DA:131,105
DA:132,5
DA:134,100
DA:136,105
DA:137,1
DA:138,1
DA:145,7
DA:146,21
DA:147,21
DA:148,105
DA:149,5
DA:151,100
DA:153,105
DA:154,1
DA:155,1
DA:159,7
DA:160,21
DA:161,21
DA:162,104
DA:163,20
DA:165,84
DA:167,104
DA:168,2
DA:169,2
DA:176,0
DA:177,0
DA:178,0
DA:179,0
DA:180,0
DA:181,0
DA:182,0
DA:190,10
DA:191,10
DA:192,10
DA:203,10
DA:208,0
DA:209,0
DA:210,0
DA:211,0
DA:212,0
DA:213,0
DA:214,0
DA:215,0
DA:216,0
DA:217,0
DA:218,0
DA:219,0
DA:220,0
DA:221,0
DA:223,0
DA:231,1
LF:123
LH:72
BRDA:32,0,0,0
BRDA:32,0,1,0
BRDA:32,1,0,0
BRDA:32,1,1,0
BRDA:34,2,0,0
BRDA:34,2,1,0
BRDA:40,3,0,0
BRDA:40,3,1,0
BRDA:40,4,0,0
BRDA:40,4,1,0
BRDA:41,5,0,0
BRDA:41,5,1,0
BRDA:62,6,0,1
BRDA:62,6,1,0
BRDA:62,7,0,1
BRDA:62,7,1,1
BRDA:68,8,0,0
BRDA:68,8,1,0
BRDA:68,9,0,0
BRDA:68,9,1,0
BRDA:70,10,0,0
BRDA:70,10,1,0
BRDA:82,11,0,14
BRDA:82,11,1,192
BRDA:87,12,0,2
BRDA:87,12,1,204
BRDA:100,13,0,14
BRDA:100,13,1,194
BRDA:105,14,0,2
BRDA:105,14,1,206
BRDA:117,15,0,17
BRDA:117,15,1,88
BRDA:122,16,0,2
BRDA:122,16,1,103
BRDA:131,17,0,5
BRDA:131,17,1,100
BRDA:136,18,0,1
BRDA:136,18,1,104
BRDA:148,19,0,5
BRDA:148,19,1,100
BRDA:153,20,0,1
BRDA:153,20,1,104
BRDA:162,21,0,20
BRDA:162,21,1,84
BRDA:167,22,0,2
BRDA:167,22,1,102
BRDA:177,23,0,0
BRDA:177,23,1,0
BRDA:179,24,0,0
BRDA:179,24,1,0
BRDA:181,25,0,0
BRDA:181,25,1,0
BRDA:212,26,0,0
BRDA:212,26,1,0
BRDA:212,27,0,0
BRDA:212,27,1,0
BRDA:217,28,0,0
BRDA:217,28,1,0
BRDA:217,29,0,0
BRDA:217,29,1,0
BRF:60
BRH:27
end_of_record
